2016-11-12 18:16:29 - PHP Notice:  Undefined variable: text_seller_agree in D:\download\torrents\ftp_folder\vand-pt-cauza\catalog\view\theme\default\template\sellerprofile\sellerprofile_form.tpl on line 691
2016-11-12 18:22:44 - PHP Notice:  Undefined index: model in D:\download\torrents\ftp_folder\vand-pt-cauza\catalog\model\sellerproduct\product.php on line 9
2016-11-12 18:22:44 - PHP Notice:  Undefined index: sku in D:\download\torrents\ftp_folder\vand-pt-cauza\catalog\model\sellerproduct\product.php on line 9
2016-11-12 18:22:44 - PHP Notice:  Undefined index: upc in D:\download\torrents\ftp_folder\vand-pt-cauza\catalog\model\sellerproduct\product.php on line 9
2016-11-12 18:22:44 - PHP Notice:  Undefined index: ean in D:\download\torrents\ftp_folder\vand-pt-cauza\catalog\model\sellerproduct\product.php on line 9
2016-11-12 18:22:44 - PHP Notice:  Undefined index: jan in D:\download\torrents\ftp_folder\vand-pt-cauza\catalog\model\sellerproduct\product.php on line 9
2016-11-12 18:22:44 - PHP Notice:  Undefined index: isbn in D:\download\torrents\ftp_folder\vand-pt-cauza\catalog\model\sellerproduct\product.php on line 9
2016-11-12 18:22:44 - PHP Notice:  Undefined index: mpn in D:\download\torrents\ftp_folder\vand-pt-cauza\catalog\model\sellerproduct\product.php on line 9
2016-11-12 18:22:44 - PHP Notice:  Undefined index: location in D:\download\torrents\ftp_folder\vand-pt-cauza\catalog\model\sellerproduct\product.php on line 9
2016-11-12 18:22:44 - PHP Notice:  Undefined index: quantity in D:\download\torrents\ftp_folder\vand-pt-cauza\catalog\model\sellerproduct\product.php on line 9
2016-11-12 18:22:44 - PHP Notice:  Undefined index: minimum in D:\download\torrents\ftp_folder\vand-pt-cauza\catalog\model\sellerproduct\product.php on line 9
2016-11-12 18:22:44 - PHP Notice:  Undefined index: subtract in D:\download\torrents\ftp_folder\vand-pt-cauza\catalog\model\sellerproduct\product.php on line 9
2016-11-12 18:22:44 - PHP Notice:  Undefined index: stock_status_id in D:\download\torrents\ftp_folder\vand-pt-cauza\catalog\model\sellerproduct\product.php on line 9
2016-11-12 18:22:44 - PHP Notice:  Undefined index: date_available in D:\download\torrents\ftp_folder\vand-pt-cauza\catalog\model\sellerproduct\product.php on line 9
2016-11-12 18:22:44 - PHP Notice:  Undefined index: manufacturer_id in D:\download\torrents\ftp_folder\vand-pt-cauza\catalog\model\sellerproduct\product.php on line 9
2016-11-12 18:22:44 - PHP Notice:  Undefined index: shipping in D:\download\torrents\ftp_folder\vand-pt-cauza\catalog\model\sellerproduct\product.php on line 9
2016-11-12 18:22:44 - PHP Notice:  Undefined index: price in D:\download\torrents\ftp_folder\vand-pt-cauza\catalog\model\sellerproduct\product.php on line 9
2016-11-12 18:22:44 - PHP Notice:  Undefined index: weight in D:\download\torrents\ftp_folder\vand-pt-cauza\catalog\model\sellerproduct\product.php on line 9
2016-11-12 18:22:44 - PHP Notice:  Undefined index: weight_class_id in D:\download\torrents\ftp_folder\vand-pt-cauza\catalog\model\sellerproduct\product.php on line 9
2016-11-12 18:22:44 - PHP Notice:  Undefined index: length in D:\download\torrents\ftp_folder\vand-pt-cauza\catalog\model\sellerproduct\product.php on line 9
2016-11-12 18:22:44 - PHP Notice:  Undefined index: width in D:\download\torrents\ftp_folder\vand-pt-cauza\catalog\model\sellerproduct\product.php on line 9
2016-11-12 18:22:44 - PHP Notice:  Undefined index: height in D:\download\torrents\ftp_folder\vand-pt-cauza\catalog\model\sellerproduct\product.php on line 9
2016-11-12 18:22:44 - PHP Notice:  Undefined index: length_class_id in D:\download\torrents\ftp_folder\vand-pt-cauza\catalog\model\sellerproduct\product.php on line 9
2016-11-12 18:22:44 - PHP Notice:  Undefined index: status in D:\download\torrents\ftp_folder\vand-pt-cauza\catalog\model\sellerproduct\product.php on line 9
2016-11-12 18:22:44 - PHP Notice:  Undefined index: tax_class_id in D:\download\torrents\ftp_folder\vand-pt-cauza\catalog\model\sellerproduct\product.php on line 9
2016-11-12 18:22:44 - PHP Notice:  Undefined index: sort_order in D:\download\torrents\ftp_folder\vand-pt-cauza\catalog\model\sellerproduct\product.php on line 9
2016-11-12 18:23:32 - PHP Notice:  Undefined index: model in D:\download\torrents\ftp_folder\vand-pt-cauza\catalog\model\sellerproduct\product.php on line 137
2016-11-12 18:23:32 - PHP Notice:  Undefined index: sku in D:\download\torrents\ftp_folder\vand-pt-cauza\catalog\model\sellerproduct\product.php on line 137
2016-11-12 18:23:32 - PHP Notice:  Undefined index: upc in D:\download\torrents\ftp_folder\vand-pt-cauza\catalog\model\sellerproduct\product.php on line 137
2016-11-12 18:23:32 - PHP Notice:  Undefined index: ean in D:\download\torrents\ftp_folder\vand-pt-cauza\catalog\model\sellerproduct\product.php on line 137
2016-11-12 18:23:32 - PHP Notice:  Undefined index: jan in D:\download\torrents\ftp_folder\vand-pt-cauza\catalog\model\sellerproduct\product.php on line 137
2016-11-12 18:23:32 - PHP Notice:  Undefined index: isbn in D:\download\torrents\ftp_folder\vand-pt-cauza\catalog\model\sellerproduct\product.php on line 137
2016-11-12 18:23:32 - PHP Notice:  Undefined index: mpn in D:\download\torrents\ftp_folder\vand-pt-cauza\catalog\model\sellerproduct\product.php on line 137
2016-11-12 18:23:32 - PHP Notice:  Undefined index: location in D:\download\torrents\ftp_folder\vand-pt-cauza\catalog\model\sellerproduct\product.php on line 137
2016-11-12 18:23:32 - PHP Notice:  Undefined index: quantity in D:\download\torrents\ftp_folder\vand-pt-cauza\catalog\model\sellerproduct\product.php on line 137
2016-11-12 18:23:32 - PHP Notice:  Undefined index: minimum in D:\download\torrents\ftp_folder\vand-pt-cauza\catalog\model\sellerproduct\product.php on line 137
2016-11-12 18:23:32 - PHP Notice:  Undefined index: subtract in D:\download\torrents\ftp_folder\vand-pt-cauza\catalog\model\sellerproduct\product.php on line 137
2016-11-12 18:23:32 - PHP Notice:  Undefined index: stock_status_id in D:\download\torrents\ftp_folder\vand-pt-cauza\catalog\model\sellerproduct\product.php on line 137
2016-11-12 18:23:32 - PHP Notice:  Undefined index: date_available in D:\download\torrents\ftp_folder\vand-pt-cauza\catalog\model\sellerproduct\product.php on line 137
2016-11-12 18:23:32 - PHP Notice:  Undefined index: manufacturer_id in D:\download\torrents\ftp_folder\vand-pt-cauza\catalog\model\sellerproduct\product.php on line 137
2016-11-12 18:23:32 - PHP Notice:  Undefined index: shipping in D:\download\torrents\ftp_folder\vand-pt-cauza\catalog\model\sellerproduct\product.php on line 137
2016-11-12 18:23:32 - PHP Notice:  Undefined index: price in D:\download\torrents\ftp_folder\vand-pt-cauza\catalog\model\sellerproduct\product.php on line 137
2016-11-12 18:23:32 - PHP Notice:  Undefined index: weight in D:\download\torrents\ftp_folder\vand-pt-cauza\catalog\model\sellerproduct\product.php on line 137
2016-11-12 18:23:32 - PHP Notice:  Undefined index: weight_class_id in D:\download\torrents\ftp_folder\vand-pt-cauza\catalog\model\sellerproduct\product.php on line 137
2016-11-12 18:23:32 - PHP Notice:  Undefined index: length in D:\download\torrents\ftp_folder\vand-pt-cauza\catalog\model\sellerproduct\product.php on line 137
2016-11-12 18:23:32 - PHP Notice:  Undefined index: width in D:\download\torrents\ftp_folder\vand-pt-cauza\catalog\model\sellerproduct\product.php on line 137
2016-11-12 18:23:32 - PHP Notice:  Undefined index: height in D:\download\torrents\ftp_folder\vand-pt-cauza\catalog\model\sellerproduct\product.php on line 137
2016-11-12 18:23:32 - PHP Notice:  Undefined index: length_class_id in D:\download\torrents\ftp_folder\vand-pt-cauza\catalog\model\sellerproduct\product.php on line 137
2016-11-12 18:23:32 - PHP Notice:  Undefined index: status in D:\download\torrents\ftp_folder\vand-pt-cauza\catalog\model\sellerproduct\product.php on line 137
2016-11-12 18:23:32 - PHP Notice:  Undefined index: tax_class_id in D:\download\torrents\ftp_folder\vand-pt-cauza\catalog\model\sellerproduct\product.php on line 137
2016-11-12 18:23:32 - PHP Notice:  Undefined index: sort_order in D:\download\torrents\ftp_folder\vand-pt-cauza\catalog\model\sellerproduct\product.php on line 137
2016-11-12 18:23:32 - PHP Notice:  Undefined index: keyword in D:\download\torrents\ftp_folder\vand-pt-cauza\catalog\model\sellerproduct\product.php on line 270
2016-11-12 18:50:52 - PHP Notice:  Undefined index: product_limit in D:\download\torrents\ftp_folder\vand-pt-cauza\catalog\controller\sellerproduct\product.php on line 569
2016-11-12 18:50:52 - PHP Notice:  Undefined index: product_limit in D:\download\torrents\ftp_folder\vand-pt-cauza\catalog\controller\sellerproduct\product.php on line 569
2016-11-12 18:50:52 - PHP Notice:  Undefined index: product_limit in D:\download\torrents\ftp_folder\vand-pt-cauza\catalog\view\theme\default\template\sellerproduct\product_list.tpl on line 8
2016-11-12 18:50:52 - PHP Notice:  Undefined index: product_limit in D:\download\torrents\ftp_folder\vand-pt-cauza\catalog\view\theme\default\template\sellerproduct\product_list.tpl on line 9
