2016-11-12 18:13:05 - MOD: Modification Default
FILE: system/engine/action.php
REGEX: ~(require|include)(_once)?\(([^)]+)~
LINE: 39
FILE: system/engine/loader.php
REGEX: ~(require|include)(_once)?\(([^)]+)~
LINE: 20
LINE: 59
LINE: 80
LINE: 99
FILE: system/library/config.php
REGEX: ~(require|include)(_once)?\(([^)]+)~
LINE: 23
FILE: system/library/language.php
REGEX: ~(require|include)(_once)?\(([^)]+)~
LINE: 25
LINE: 31
----------------------------------------------------------------
MOD: Alkod Multi Seller Extension
FILE: admin/language/english/report/customer_activity.php
CODE: // Text
LINE: 18
FILE: admin/language/english/dashboard/activity.php
CODE: // Text
LINE: 17
FILE: admin/view/template/common/dashboard.tpl
CODE: <div class="col-lg-3 col-md-3 col-sm-6"><?php echo $online; ?></div>
LINE: 27
FILE: admin/controller/common/dashboard.php
CODE: $data['online'] = $this->load->controller('dashboard/online');
LINE: 45
FILE: admin/view/template/common/menu.tpl
CODE: <li id="dashboard">
LINE: 30
FILE: admin/controller/common/menu.php
CODE: $this->load->language('common/menu');
LINE: 25
FILE: admin/language/english/common/menu.php
CODE: // Text
LINE: 10
FILE: catalog/model/checkout/order.php
CODE: public function addOrderHistory($order_id, $order_status_id, $comment = '', $notify = false, $override = false) {
LINE: 986
CODE: public function addOrderHistory($order_id, $order_status_id, $comment = '', $notify = false) {
NOT FOUND!
FILE: catalog/controller/api/order.php
CODE: public function history() {
LINE: 827
FILE: catalog/view/theme/default/template/common/header.tpl
CODE: <li class="dropdown"><a href="<?php echo $account; ?>" title="<?php echo $text_account; ?>" class="dropdown-toggle" data-toggle="dropdown"><i class="fa fa-user"></i> <span class="hidden-xs hidden-sm hidden-md"><?php echo $text_account; ?></span> <span class="caret"></span></a>
LINE: 61
FILE: catalog/controller/common/header.php
CODE: $data['logged'] = $this->customer->isLogged();
LINE: 94
CODE: $data['account'] = $this->url->link('account/account', '', 'SSL');
LINE: 104
FILE: catalog/language/english/common/header.php
CODE: // Text
LINE: 5
FILE: catalog/view/theme/default/template/product/product.tpl
CODE: <?php if ($reward) { ?>
LINE: 458
FILE: catalog/controller/product/product.php
CODE: $data['reward'] = $product_info['reward'];
LINE: 385
FILE: catalog/language/english/product/product.php
CODE: // Text
LINE: 4
FILE: catalog/view/theme/default/template/account/account.tpl
CODE: <?php echo $content_bottom; ?></div>
LINE: 49
FILE: catalog/controller/account/account.php
CODE: $this->url->link('account/edit', '', 'SSL');
LINE: 65
FILE: catalog/language/english/account/account.php
CODE: // Text
LINE: 9
FILE: system/library/customer.php
CODE: private $customer_id;
LINE: 4
CODE: $this->customer_id = $customer_query->row['customer_id'];
LINE: 26
LINE: 61
CODE: $this->customer_id = '';
LINE: 84
CODE: public function isLogged() {
LINE: 104
FILE: admin/controller/common/header.php
CODE: // Customers
LINE: 86
CODE: $data['alerts'] = $customer_total + $product_total + $review_total + $return_total + $affiliate_total;
LINE: 127
FILE: admin/language/english/common/header.php
CODE: // Text
LINE: 5
FILE: admin/view/template/common/header.tpl
CODE: <ul class="nav pull-right">
LINE: 51
FILE: admin/language/english/setting/setting.php
CODE: // Text
LINE: 25
FILE: admin/controller/setting/setting.php
CODE: $data['tab_server'] = $this->language->get('tab_server');
LINE: 562
FILE: admin/view/template/setting/setting.tpl
CODE: <li><a href="#tab-server" data-toggle="tab"><?php echo $tab_server; ?></a></li>
LINE: 41
CODE: <div class="tab-pane" id="tab-server">
LINE: 2011
----------------------------------------------------------------
